C51 COMPILER V9.59.0.0   MAIN                                                              06/13/2022 16:28:19 PAGE 1   


C51 COMPILER V9.59.0.0, COMPILATION OF MODULE MAIN
OBJECT MODULE PLACED IN .\Objects\main.obj
COMPILER INVOKED BY: C:\Keil\C51\BIN\C51.EXE main.c OPTIMIZE(8,SPEED) BROWSE DEBUG OBJECTEXTEND PRINT(.\Listings\main.ls
                    -t) TABS(2) OBJECT(.\Objects\main.obj)

line level    source

   1          #include "init_uc.h"
   2          #include "c8051F12.h"
   3          
   4          sbit LED_D4 = P5^1;
   5          
   6          void DELAY_ms(unsigned int ms_Count)
   7          {
   8   1          unsigned int i,j;
   9   1          for(i=0;i<ms_Count;i++)
  10   1          {
  11   2              for(j=0;j<100;j++);
  12   2          }
  13   1      }
  14          
  15          int main() {
  16   1        Init_micro_interne();
  17   1        while (1) {
  18   2          LED_D4 = 1;
  19   2          DELAY_ms(1000);
  20   2          LED_D4 = 0;
  21   2          DELAY_ms(1000);
  22   2        }
  23   1        return (0);
  24   1      }
*** WARNING C294 IN LINE 23 OF main.c: unreachable code


MODULE INFORMATION:   STATIC OVERLAYABLE
   CODE SIZE        =     51    ----
   CONSTANT SIZE    =   ----    ----
   XDATA SIZE       =   ----    ----
   PDATA SIZE       =   ----    ----
   DATA SIZE        =   ----    ----
   IDATA SIZE       =   ----    ----
   BIT SIZE         =   ----    ----
END OF MODULE INFORMATION.


C51 COMPILATION COMPLETE.  1 WARNING(S),  0 ERROR(S)
