C51 COMPILER V9.59.0.0   INIT_UC2                                                          07/21/2022 15:12:56 PAGE 1   


C51 COMPILER V9.59.0.0, COMPILATION OF MODULE INIT_UC2
OBJECT MODULE PLACED IN init_uc2.OBJ
COMPILER INVOKED BY: C:\Keil\C51\BIN\c51.exe init_uc2.c DB OE BR INCDIR(C:\SiLabs\MCU\Inc) LARGE SB CD OR

line level    source

   1          /////////////////////////////////////
   2          //  Generated Initialization File  //
   3          /////////////////////////////////////
   4          
   5          #include "si_toolchain.h"
   6          #include "C8051F120_defs.h"
   7          #include "types.h"
   8          
   9          extern u8sod u8_top_tb;
  10          
  11          /* definition du rechargement du timer 0 pour le top Tb : 20ms TH0:TL0=0xB03F et  0xC1B1 pour 15.625ms*/
  12          /* et donc D81F pour 10ms */
  13          #define VALEUR_RECHARGEMENT_TH0 0x28    /**< rechargement du timer 0 pour le top 10ms */
  14          #define VALEUR_RECHARGEMENT_TL0 0x81    /**< rechargement du timer 0 pour le top 10ms */
  15          
  16          // Peripheral specific initialization functions,
  17          // Called from the Init_Device() function
  18          void Timer_Init()
  19          {
  20   1              SFRPAGE   = TIMER01_PAGE;
  21   1               /* timer0 actif et timer1 actif */ 
  22   1              TCON      = 0x50;
  23   1          TMOD      = 0x21;
  24   1          CKCON     = 0x10;
  25   1         /*   Timer 0 => 10ms         */
  26   1          TH0=0x28;
  27   1          TL0=0x81;
  28   1      
  29   1          /* TH1 pour baudrate uart1: 115200 */
  30   1          TH1=0x27;
  31   1      }
  32          
  33          void UART_Init()
  34          {
  35   1          SFRPAGE   = UART1_PAGE;
  36   1          SCON1     = 0x50;
  37   1      }
  38          
  39          void Port_IO_Init()
  40          {
  41   1          // P0.0  -  TX0 (UART0), Open-Drain, Digital
  42   1          // P0.1  -  RX0 (UART0), Open-Drain, Digital
  43   1          // P0.2  -  TX1 (UART1), Open-Drain, Digital
  44   1          // P0.3  -  RX1 (UART1), Open-Drain, Digital
  45   1          // P0.4  -  Unassigned,  Open-Drain, Digital
  46   1          // P0.5  -  Unassigned,  Open-Drain, Digital
  47   1          // P0.6  -  Unassigned,  Open-Drain, Digital
  48   1          // P0.7  -  Unassigned,  Open-Drain, Digital
  49   1      
  50   1          // P1.0  -  Unassigned,  Open-Drain, Digital
  51   1          // P1.1  -  Unassigned,  Open-Drain, Digital
  52   1          // P1.2  -  Unassigned,  Open-Drain, Digital
  53   1          // P1.3  -  Unassigned,  Open-Drain, Digital
  54   1          // P1.4  -  Unassigned,  Open-Drain, Digital
  55   1          // P1.5  -  Unassigned,  Open-Drain, Digital
C51 COMPILER V9.59.0.0   INIT_UC2                                                          07/21/2022 15:12:56 PAGE 2   

  56   1          // P1.6  -  Unassigned,  Open-Drain, Digital
  57   1          // P1.7  -  Unassigned,  Open-Drain, Digital
  58   1      
  59   1          // P2.0  -  Unassigned,  Open-Drain, Digital
  60   1          // P2.1  -  Unassigned,  Open-Drain, Digital
  61   1          // P2.2  -  Unassigned,  Open-Drain, Digital
  62   1          // P2.3  -  Unassigned,  Open-Drain, Digital
  63   1          // P2.4  -  Unassigned,  Open-Drain, Digital
  64   1          // P2.5  -  Unassigned,  Open-Drain, Digital
  65   1          // P2.6  -  Unassigned,  Open-Drain, Digital
  66   1          // P2.7  -  Unassigned,  Open-Drain, Digital
  67   1      
  68   1          // P3.0  -  Unassigned,  Open-Drain, Digital
  69   1          // P3.1  -  Unassigned,  Open-Drain, Digital
  70   1          // P3.2  -  Unassigned,  Open-Drain, Digital
  71   1          // P3.3  -  Unassigned,  Open-Drain, Digital
  72   1          // P3.4  -  Unassigned,  Open-Drain, Digital
  73   1          // P3.5  -  Unassigned,  Open-Drain, Digital
  74   1          // P3.6  -  Unassigned,  Open-Drain, Digital
  75   1          // P3.7  -  Unassigned,  Open-Drain, Digital
  76   1      
  77   1          SFRPAGE   = CONFIG_PAGE;
  78   1          XBR0      = 0x04;
  79   1          XBR2      = 0x44;
  80   1      }
  81          
  82          /** \brief Configuration des sources de reset interne
  83            *
  84            * \return void
  85            *
  86            * \author JP
  87            *
  88            * <b>Ressource :</b> - Special Function Register WDTCN <br>
  89            * <b>Ressource :</b> - Special Function Register SFRPAGE <br>
  90            * <b>Ressource :</b> - Special Function Register RSTSRC <br>
  91            */
  92          void Init_Reset_Sources(void)
  93          {
  94   1              /* desactivation du watchdog interne au microcontroleur */
  95   1              /* sequence d'ecriture de 0xDE suivi de 0xAD dans WDTCN */
  96   1              WDTCN     = 0xDE;
  97   1              WDTCN     = 0xAD;
  98   1      
  99   1              /* selection du banc de special registers */
 100   1              SFRPAGE   = (u8sod)(LEGACY_PAGE);
 101   1      
 102   1              /* Desactivation de toutes les source de reset interne  */
 103   1              RSTSRC    = 0U;
 104   1      }/* Init_Reset_Sources */
 105          
 106          void Oscillator_Init()
 107          {
 108   1          int i = 0;
 109   1          SFRPAGE   = CONFIG_PAGE;
 110   1          OSCXCN    = 0x20;
 111   1          PLL0CN    = 0x04;
 112   1          CCH0CN    &= ~0x20;
 113   1          SFRPAGE   = LEGACY_PAGE;
 114   1          FLSCL     = 0x90;
 115   1          SFRPAGE   = CONFIG_PAGE;
 116   1          CCH0CN    |= 0x20;
 117   1          PLL0CN    |= 0x01;
C51 COMPILER V9.59.0.0   INIT_UC2                                                          07/21/2022 15:12:56 PAGE 3   

 118   1          PLL0DIV   = 0x01;
 119   1          PLL0FLT   = 0x21;
 120   1          PLL0MUL   = 0x02;
 121   1          for (i = 0; i < 15; i++);  // Wait 5us for initialization
 122   1          PLL0CN    |= 0x02;
 123   1          while ((PLL0CN & 0x10) == 0);
 124   1          CLKSEL    = 0x02;
 125   1      }
 126          
 127          void Interrupts_Init()
 128          {
 129   1          IE        = 0x08;
 130   1      }
 131          
 132          // Initialization function for device,
 133          // Call Init_Device() from your main program
 134          void Init_Device(void)
 135          {
 136   1              /* init des sources de reset */
 137   1              Init_Reset_Sources();
 138   1      
 139   1          Timer_Init();
 140   1          UART_Init();
 141   1          Port_IO_Init();
 142   1          Oscillator_Init();
 143   1         // Interrupts_Init();
 144   1      }
 145          
 146          
 147          /** \brief ROUTINE D'INTERRUPTION (IT_Timer)
 148            *
 149            * \return void
 150            *
 151            * \author JP
 152            *
 153            * <b>SOURCE      :</b> Fonction d'interruption timert 0  <br>
 154            *
 155            * <b>Ressources :</b> Special Function Register SFRPAGE  <br>
 156            * <b>Ressources :</b> Special Function Register TL0 et TH0 <br>
 157            * <b>Ressources :</b> Special Function Register sbit TF0, TR0 <br>
 158            * <b>Ressources :</b> u8_top_tb <br>
 159            * <b>Ressources :</b> u8_mode_derangement_actif_x <br>
 160            * <b>Ressources :</b> u8_mode_derangement_actif_i <br>
 161            *
 162            */
 163          void IT_Timer0 (void) interrupt 1
 164          {
 165   1              u8sod   loc_u8_sfrpage_save; /* sauvegarde du registre SFRPAGE */
 166   1      
 167   1              /* sauvegarde de SFRPAGE */
 168   1              loc_u8_sfrpage_save = SFRPAGE;
 169   1              /* selection de la page du timer*/
 170   1              SFRPAGE = TIMER01_PAGE;
 171   1      
 172   1              /* Acquitte l'IT */
 173   1              TF0 = 0;
 174   1      
 175   1              /* on recharge le timer */
 176   1              TR0=0;    /* on commence par arreter le timer */
 177   1              TH0=VALEUR_RECHARGEMENT_TH0; /* on charge le poids fort          */ 
 178   1              TL0=VALEUR_RECHARGEMENT_TL0; /* on charge le poids faible        */
 179   1              TR0=1;    /* on relance le Timer              */
C51 COMPILER V9.59.0.0   INIT_UC2                                                          07/21/2022 15:12:56 PAGE 4   

 180   1      
 181   1              /* restauration du SFRPAGE */
 182   1              SFRPAGE = loc_u8_sfrpage_save;
 183   1      
 184   1              /*      On relance les actions de la tache de fond                                                                                                              */
 185   1              u8_top_tb = 1;
 186   1      
 187   1              
 188   1      
 189   1      }/* IT_Timer0 */
C51 COMPILER V9.59.0.0   INIT_UC2                                                          07/21/2022 15:12:56 PAGE 5   

ASSEMBLY LISTING OF GENERATED OBJECT CODE


             ; FUNCTION Timer_Init (BEGIN)
                                           ; SOURCE LINE # 18
                                           ; SOURCE LINE # 19
                                           ; SOURCE LINE # 20
0000 E4                CLR     A
0001 F584              MOV     SFRPAGE,A
                                           ; SOURCE LINE # 22
0003 758850            MOV     TCON,#050H
                                           ; SOURCE LINE # 23
0006 758921            MOV     TMOD,#021H
                                           ; SOURCE LINE # 24
0009 758E10            MOV     CKCON,#010H
                                           ; SOURCE LINE # 26
000C 758C28            MOV     TH0,#028H
                                           ; SOURCE LINE # 27
000F 758A81            MOV     TL0,#081H
                                           ; SOURCE LINE # 30
0012 758D27            MOV     TH1,#027H
                                           ; SOURCE LINE # 31
0015 22                RET     
             ; FUNCTION Timer_Init (END)

             ; FUNCTION UART_Init (BEGIN)
                                           ; SOURCE LINE # 33
                                           ; SOURCE LINE # 34
                                           ; SOURCE LINE # 35
0000 758401            MOV     SFRPAGE,#01H
                                           ; SOURCE LINE # 36
0003 759850            MOV     SCON1,#050H
                                           ; SOURCE LINE # 37
0006 22                RET     
             ; FUNCTION UART_Init (END)

             ; FUNCTION Port_IO_Init (BEGIN)
                                           ; SOURCE LINE # 39
                                           ; SOURCE LINE # 40
                                           ; SOURCE LINE # 77
0000 75840F            MOV     SFRPAGE,#0FH
                                           ; SOURCE LINE # 78
0003 75E104            MOV     XBR0,#04H
                                           ; SOURCE LINE # 79
0006 75E344            MOV     XBR2,#044H
                                           ; SOURCE LINE # 80
0009 22                RET     
             ; FUNCTION Port_IO_Init (END)

             ; FUNCTION Init_Reset_Sources (BEGIN)
                                           ; SOURCE LINE # 92
                                           ; SOURCE LINE # 93
                                           ; SOURCE LINE # 96
0000 75FFDE            MOV     WDTCN,#0DEH
                                           ; SOURCE LINE # 97
0003 75FFAD            MOV     WDTCN,#0ADH
                                           ; SOURCE LINE # 100
0006 E4                CLR     A
0007 F584              MOV     SFRPAGE,A
                                           ; SOURCE LINE # 103
0009 F5EF              MOV     RSTSRC,A
                                           ; SOURCE LINE # 104
C51 COMPILER V9.59.0.0   INIT_UC2                                                          07/21/2022 15:12:56 PAGE 6   

000B 22                RET     
             ; FUNCTION Init_Reset_Sources (END)

             ; FUNCTION Oscillator_Init (BEGIN)
                                           ; SOURCE LINE # 106
                                           ; SOURCE LINE # 107
                                           ; SOURCE LINE # 108
;---- Variable 'i' assigned to Register 'R6/R7' ----
0000 E4                CLR     A
0001 FF                MOV     R7,A
0002 FE                MOV     R6,A
                                           ; SOURCE LINE # 109
0003 75840F            MOV     SFRPAGE,#0FH
                                           ; SOURCE LINE # 110
0006 758C20            MOV     OSCXCN,#020H
                                           ; SOURCE LINE # 111
0009 758904            MOV     PLL0CN,#04H
                                           ; SOURCE LINE # 112
000C 53A1DF            ANL     CCH0CN,#0DFH
                                           ; SOURCE LINE # 113
000F F584              MOV     SFRPAGE,A
                                           ; SOURCE LINE # 114
0011 75B790            MOV     FLSCL,#090H
                                           ; SOURCE LINE # 115
0014 75840F            MOV     SFRPAGE,#0FH
                                           ; SOURCE LINE # 116
0017 43A120            ORL     CCH0CN,#020H
                                           ; SOURCE LINE # 117
001A 438901            ORL     PLL0CN,#01H
                                           ; SOURCE LINE # 118
001D 758D01            MOV     PLL0DIV,#01H
                                           ; SOURCE LINE # 119
0020 758F21            MOV     PLL0FLT,#021H
                                           ; SOURCE LINE # 120
0023 758E02            MOV     PLL0MUL,#02H
                                           ; SOURCE LINE # 121
0026         ?C0005:
0026 0F                INC     R7
0027 BF0001            CJNE    R7,#00H,?C0014
002A 0E                INC     R6
002B         ?C0014:
002B EF                MOV     A,R7
002C 640F              XRL     A,#0FH
002E 4E                ORL     A,R6
002F 70F5              JNZ     ?C0005
0031         ?C0006:
                                           ; SOURCE LINE # 122
0031 438902            ORL     PLL0CN,#02H
0034         ?C0008:
                                           ; SOURCE LINE # 123
0034 E589              MOV     A,PLL0CN
0036 5410              ANL     A,#010H
0038 60FA              JZ      ?C0008
                                           ; SOURCE LINE # 124
003A 759702            MOV     CLKSEL,#02H
                                           ; SOURCE LINE # 125
003D 22                RET     
             ; FUNCTION Oscillator_Init (END)

             ; FUNCTION Interrupts_Init (BEGIN)
                                           ; SOURCE LINE # 127
                                           ; SOURCE LINE # 128
C51 COMPILER V9.59.0.0   INIT_UC2                                                          07/21/2022 15:12:56 PAGE 7   

                                           ; SOURCE LINE # 129
0000 75A808            MOV     IE,#08H
                                           ; SOURCE LINE # 130
0003 22                RET     
             ; FUNCTION Interrupts_Init (END)

             ; FUNCTION Init_Device (BEGIN)
                                           ; SOURCE LINE # 134
                                           ; SOURCE LINE # 135
                                           ; SOURCE LINE # 137
0000 120000      R     LCALL   Init_Reset_Sources
                                           ; SOURCE LINE # 139
0003 120000      R     LCALL   Timer_Init
                                           ; SOURCE LINE # 140
0006 120000      R     LCALL   UART_Init
                                           ; SOURCE LINE # 141
0009 120000      R     LCALL   Port_IO_Init
                                           ; SOURCE LINE # 142
000C 020000      R     LJMP    Oscillator_Init
             ; FUNCTION Init_Device (END)

             ; FUNCTION IT_Timer0 (BEGIN)
0000 C0E0              PUSH    ACC
0002 C083              PUSH    DPH
0004 C082              PUSH    DPL
0006 C0D0              PUSH    PSW
0008 75D000            MOV     PSW,#00H
000B C007              PUSH    AR7
                                           ; SOURCE LINE # 163
                                           ; SOURCE LINE # 168
;---- Variable 'loc_u8_sfrpage_save' assigned to Register 'R7' ----
000D AF84              MOV     R7,SFRPAGE
                                           ; SOURCE LINE # 170
000F 758400            MOV     SFRPAGE,#00H
                                           ; SOURCE LINE # 173
0012 C28D              CLR     TF0
                                           ; SOURCE LINE # 176
0014 C28C              CLR     TR0
                                           ; SOURCE LINE # 177
0016 758C28            MOV     TH0,#028H
                                           ; SOURCE LINE # 178
0019 758A81            MOV     TL0,#081H
                                           ; SOURCE LINE # 179
001C D28C              SETB    TR0
                                           ; SOURCE LINE # 182
001E 8F84              MOV     SFRPAGE,R7
                                           ; SOURCE LINE # 185
0020 900000      E     MOV     DPTR,#u8_top_tb
0023 7401              MOV     A,#01H
0025 F0                MOVX    @DPTR,A
                                           ; SOURCE LINE # 189
0026 D007              POP     AR7
0028 D0D0              POP     PSW
002A D082              POP     DPL
002C D083              POP     DPH
002E D0E0              POP     ACC
0030 32                RETI    
             ; FUNCTION IT_Timer0 (END)

C51 COMPILER V9.59.0.0   INIT_UC2                                                          07/21/2022 15:12:56 PAGE 8   

NAME                                    CLASS   MSPACE  TYPE    OFFSET  SIZE
====                                    =====   ======  ====    ======  ====


uint8_t. . . . . . . . . . . . . . . .  TYPEDEF  -----  U_CHAR   -----  1
uint16_t . . . . . . . . . . . . . . .  TYPEDEF  -----  U_INT    -----  2
uint32_t . . . . . . . . . . . . . . .  TYPEDEF  -----  U_LONG   -----  4
uint64_t . . . . . . . . . . . . . . .  TYPEDEF  -----  ARRAY    -----  8
int8_t . . . . . . . . . . . . . . . .  TYPEDEF  -----  CHAR     -----  1
int16_t. . . . . . . . . . . . . . . .  TYPEDEF  -----  INT      -----  2
int32_t. . . . . . . . . . . . . . . .  TYPEDEF  -----  LONG     -----  4
int64_t. . . . . . . . . . . . . . . .  TYPEDEF  -----  ARRAY    -----  8
bool . . . . . . . . . . . . . . . . .  TYPEDEF  -----  BIT      -----  1
false. . . . . . . . . . . . . . . . .  E_CONST  -----  U_CHAR   -----  1
true . . . . . . . . . . . . . . . . .  E_CONST  -----  U_CHAR   -----  1
SI_UU16. . . . . . . . . . . . . . . .  * TAG *  -----  UNION    -----  2
  u16. . . . . . . . . . . . . . . . .  MEMBER   -----  U_INT    0000H  2
  s16. . . . . . . . . . . . . . . . .  MEMBER   -----  INT      0000H  2
  u8 . . . . . . . . . . . . . . . . .  MEMBER   -----  ARRAY    0000H  2
  s8 . . . . . . . . . . . . . . . . .  MEMBER   -----  ARRAY    0000H  2
SI_UU16_t. . . . . . . . . . . . . . .  TYPEDEF  -----  UNION    -----  2
  u16. . . . . . . . . . . . . . . . .  MEMBER   -----  U_INT    0000H  2
  s16. . . . . . . . . . . . . . . . .  MEMBER   -----  INT      0000H  2
  u8 . . . . . . . . . . . . . . . . .  MEMBER   -----  ARRAY    0000H  2
  s8 . . . . . . . . . . . . . . . . .  MEMBER   -----  ARRAY    0000H  2
SI_UU32. . . . . . . . . . . . . . . .  * TAG *  -----  UNION    -----  4
  u32. . . . . . . . . . . . . . . . .  MEMBER   -----  U_LONG   0000H  4
  s32. . . . . . . . . . . . . . . . .  MEMBER   -----  LONG     0000H  4
  uu16 . . . . . . . . . . . . . . . .  MEMBER   -----  ARRAY    0000H  4
  u16. . . . . . . . . . . . . . . . .  MEMBER   -----  ARRAY    0000H  4
  s16. . . . . . . . . . . . . . . . .  MEMBER   -----  ARRAY    0000H  4
  u8 . . . . . . . . . . . . . . . . .  MEMBER   -----  ARRAY    0000H  4
  s8 . . . . . . . . . . . . . . . . .  MEMBER   -----  ARRAY    0000H  4
SI_UU32_t. . . . . . . . . . . . . . .  TYPEDEF  -----  UNION    -----  4
  u32. . . . . . . . . . . . . . . . .  MEMBER   -----  U_LONG   0000H  4
  s32. . . . . . . . . . . . . . . . .  MEMBER   -----  LONG     0000H  4
  uu16 . . . . . . . . . . . . . . . .  MEMBER   -----  ARRAY    0000H  4
  u16. . . . . . . . . . . . . . . . .  MEMBER   -----  ARRAY    0000H  4
  s16. . . . . . . . . . . . . . . . .  MEMBER   -----  ARRAY    0000H  4
  u8 . . . . . . . . . . . . . . . . .  MEMBER   -----  ARRAY    0000H  4
  s8 . . . . . . . . . . . . . . . . .  MEMBER   -----  ARRAY    0000H  4
GPTR_t . . . . . . . . . . . . . . . .  TYPEDEF  -----  STRUCT   -----  3
  memtype. . . . . . . . . . . . . . .  MEMBER   -----  U_CHAR   0000H  1
  address. . . . . . . . . . . . . . .  MEMBER   -----  UNION    0001H  2
SI_GEN_PTR . . . . . . . . . . . . . .  * TAG *  -----  UNION    -----  3
  u8 . . . . . . . . . . . . . . . . .  MEMBER   -----  ARRAY    0000H  3
  gptr . . . . . . . . . . . . . . . .  MEMBER   -----  STRUCT   0000H  3
SI_GEN_PTR_t . . . . . . . . . . . . .  TYPEDEF  -----  UNION    -----  3
  u8 . . . . . . . . . . . . . . . . .  MEMBER   -----  ARRAY    0000H  3
  gptr . . . . . . . . . . . . . . . .  MEMBER   -----  STRUCT   0000H  3
SFRPAGE. . . . . . . . . . . . . . . .  SFR      DATA   U_CHAR   0084H  1
TCON . . . . . . . . . . . . . . . . .  SFR      DATA   U_CHAR   0088H  1
TMOD . . . . . . . . . . . . . . . . .  SFR      DATA   U_CHAR   0089H  1
PLL0CN . . . . . . . . . . . . . . . .  SFR      DATA   U_CHAR   0089H  1
TL0. . . . . . . . . . . . . . . . . .  SFR      DATA   U_CHAR   008AH  1
TH0. . . . . . . . . . . . . . . . . .  SFR      DATA   U_CHAR   008CH  1
OSCXCN . . . . . . . . . . . . . . . .  SFR      DATA   U_CHAR   008CH  1
TH1. . . . . . . . . . . . . . . . . .  SFR      DATA   U_CHAR   008DH  1
PLL0DIV. . . . . . . . . . . . . . . .  SFR      DATA   U_CHAR   008DH  1
CKCON. . . . . . . . . . . . . . . . .  SFR      DATA   U_CHAR   008EH  1
PLL0MUL. . . . . . . . . . . . . . . .  SFR      DATA   U_CHAR   008EH  1
C51 COMPILER V9.59.0.0   INIT_UC2                                                          07/21/2022 15:12:56 PAGE 9   

NAME                                    CLASS   MSPACE  TYPE    OFFSET  SIZE
====                                    =====   ======  ====    ======  ====


PLL0FLT. . . . . . . . . . . . . . . .  SFR      DATA   U_CHAR   008FH  1
CLKSEL . . . . . . . . . . . . . . . .  SFR      DATA   U_CHAR   0097H  1
SCON1. . . . . . . . . . . . . . . . .  SFR      DATA   U_CHAR   0098H  1
CCH0CN . . . . . . . . . . . . . . . .  SFR      DATA   U_CHAR   00A1H  1
IE . . . . . . . . . . . . . . . . . .  SFR      DATA   U_CHAR   00A8H  1
FLSCL. . . . . . . . . . . . . . . . .  SFR      DATA   U_CHAR   00B7H  1
XBR0 . . . . . . . . . . . . . . . . .  SFR      DATA   U_CHAR   00E1H  1
XBR2 . . . . . . . . . . . . . . . . .  SFR      DATA   U_CHAR   00E3H  1
RSTSRC . . . . . . . . . . . . . . . .  SFR      DATA   U_CHAR   00EFH  1
WDTCN. . . . . . . . . . . . . . . . .  SFR      DATA   U_CHAR   00FFH  1
TF0. . . . . . . . . . . . . . . . . .  ABSBIT   -----  BIT      008DH  1
TR0. . . . . . . . . . . . . . . . . .  ABSBIT   -----  BIT      008CH  1
u8sod. . . . . . . . . . . . . . . . .  TYPEDEF  -----  U_CHAR   -----  1
u16sod . . . . . . . . . . . . . . . .  TYPEDEF  -----  U_INT    -----  2
u32sod . . . . . . . . . . . . . . . .  TYPEDEF  -----  U_LONG   -----  4
s8sod. . . . . . . . . . . . . . . . .  TYPEDEF  -----  CHAR     -----  1
s16sod . . . . . . . . . . . . . . . .  TYPEDEF  -----  INT      -----  2
s32sod . . . . . . . . . . . . . . . .  TYPEDEF  -----  LONG     -----  4
f32sod . . . . . . . . . . . . . . . .  TYPEDEF  -----  FLOAT    -----  4
f64sod . . . . . . . . . . . . . . . .  TYPEDEF  -----  FLOAT    -----  4
u8_top_tb. . . . . . . . . . . . . . .  EXTERN   XDATA  U_CHAR   -----  1
Timer_Init . . . . . . . . . . . . . .  PUBLIC   CODE   PROC     0000H  -----
UART_Init. . . . . . . . . . . . . . .  PUBLIC   CODE   PROC     0000H  -----
Port_IO_Init . . . . . . . . . . . . .  PUBLIC   CODE   PROC     0000H  -----
Init_Reset_Sources . . . . . . . . . .  PUBLIC   CODE   PROC     0000H  -----
Oscillator_Init. . . . . . . . . . . .  PUBLIC   CODE   PROC     0000H  -----
  i. . . . . . . . . . . . . . . . . .  * REG *  DATA   INT      0006H  2
Interrupts_Init. . . . . . . . . . . .  PUBLIC   CODE   PROC     0000H  -----
Init_Device. . . . . . . . . . . . . .  PUBLIC   CODE   PROC     0000H  -----
IT_Timer0. . . . . . . . . . . . . . .  PUBLIC   CODE   PROC     0000H  -----
  loc_u8_sfrpage_save. . . . . . . . .  * REG *  DATA   U_CHAR   0007H  1


MODULE INFORMATION:   STATIC OVERLAYABLE
   CODE SIZE        =    181    ----
   CONSTANT SIZE    =   ----    ----
   XDATA SIZE       =   ----    ----
   PDATA SIZE       =   ----    ----
   DATA SIZE        =   ----    ----
   IDATA SIZE       =   ----    ----
   BIT SIZE         =   ----    ----
END OF MODULE INFORMATION.


C51 COMPILATION COMPLETE.  0 WARNING(S),  0 ERROR(S)
